<?xml version="1.0" encoding="UTF-8"?>
<!-- Generated by org.testng.reporters.JUnitReportReporter -->
<testsuite hostname="RMaher-LT" name="tests.UserRegisterTest" tests="1" failures="0" timestamp="18 Nov 2020 07:41:44 GMT" time="5.677" errors="0">
  <testcase name="userCanRegister" time="5.677" classname="tests.UserRegisterTest"/>
</testsuite> <!-- tests.UserRegisterTest -->
