<?xml version="1.0" encoding="UTF-8"?>
<!-- Generated by org.testng.reporters.JUnitReportReporter -->
<testsuite hostname="RMaher-LT" name="tests.AddProhibitedproductTest" tests="1" failures="0" timestamp="19 Nov 2020 05:43:39 GMT" time="6.153" errors="0">
  <testcase name="userCanaddAutomateProduct" time="6.153" classname="tests.AddProhibitedproductTest"/>
</testsuite> <!-- tests.AddProhibitedproductTest -->
