<?xml version="1.0" encoding="UTF-8"?>
<!-- Generated by org.testng.reporters.JUnitReportReporter -->
<testsuite hostname="R-AYOUB" failures="0" tests="1" name="tests.merchantTranactionTests" time="114.444" errors="0" timestamp="28 Feb 2023 10:39:39 GMT">
  <testcase classname="tests.merchantTranactionTests" name="alltransactions" time="114.444"/>
</testsuite> <!-- tests.merchantTranactionTests -->
