<?xml version="1.0" encoding="UTF-8"?>
<!-- Generated by org.testng.reporters.JUnitReportReporter -->
<testsuite hostname="R-AYOUB" failures="0" tests="1" name="tests.AddnewMerchant" time="51.963" errors="0" timestamp="28 Feb 2023 10:12:18 GMT">
  <testcase classname="tests.AddnewMerchant" name="addnewmerchant_happypath" time="51.963"/>
</testsuite> <!-- tests.AddnewMerchant -->
