<?xml version="1.0" encoding="UTF-8"?>
<!-- Generated by org.testng.reporters.JUnitReportReporter -->
<testsuite hostname="R-AYOUB" failures="0" tests="1" name="tests.Add_automated_products" time="8.339" errors="0" timestamp="17 Jan 2023 10:40:55 GMT">
  <testcase classname="tests.Add_automated_products" name="userCanaddAutomateProduct" time="8.339"/>
</testsuite> <!-- tests.Add_automated_products -->
